{
  "RSpec": {
    "coverage": {
      "/home/stas8828/Yandex.Disk/WEB_MASTERSKAY/Progects/NDT-Portal/NDT-Nav/spec/controllers/admin_panel/articles_controller_spec.rb": [
        1,
        null,
        null,
        null,
        null,
        null,
        null,
        null,
        null,
        null,
        null,
        null,
        null,
        null,
        null,
        null,
        null,
        null,
        null,
        null,
        null,
        null,
        null,
        null,
        null,
        1,
        null,
        null,
        null,
        null,
        1,
        10,
        null,
        null,
        1,
        1,
        null,
        null,
        null,
        null,
        null,
        2,
        null,
        1,
        1,
        1,
        0,
        0,
        null,
        null,
        null,
        1,
        1,
        1,
        0,
        0,
        null,
        null,
        null,
        1,
        1,
        1,
        0,
        null,
        null,
        null,
        1,
        1,
        1,
        0,
        0,
        null,
        null,
        null,
        1,
        1,
        1,
        1,
        1,
        null,
        null,
        null,
        1,
        1,
        0,
        null,
        null,
        null,
        1,
        1,
        1,
        0,
        null,
        null,
        null,
        null,
        1,
        1,
        1,
        0,
        null,
        null,
        1,
        1,
        0,
        0,
        0,
        null,
        null,
        1,
        1,
        0,
        0,
        null,
        null,
        null,
        1,
        1,
        1,
        0,
        0,
        null,
        null,
        null,
        null,
        1,
        1,
        1,
        0,
        0,
        null,
        null,
        null,
        1,
        1,
        0,
        0,
        null,
        null,
        null,
        null
      ],
      "/home/stas8828/Yandex.Disk/WEB_MASTERSKAY/Progects/NDT-Portal/NDT-Nav/spec/rails_helper.rb": [
        null,
        1,
        1,
        1,
        null,
        1,
        1,
        null,
        null,
        null,
        null,
        null,
        null,
        null,
        null,
        null,
        null,
        null,
        null,
        null,
        null,
        null,
        null,
        null,
        null,
        null,
        null,
        1,
        null,
        0,
        0,
        null,
        1,
        null,
        1,
        null,
        null,
        null,
        null,
        1,
        null,
        null,
        null,
        null,
        null,
        null,
        null,
        null,
        null,
        null,
        null,
        null,
        null,
        null,
        1,
        null,
        null,
        1,
        null,
        null,
        null
      ],
      "/home/stas8828/Yandex.Disk/WEB_MASTERSKAY/Progects/NDT-Portal/NDT-Nav/config/environment.rb": [
        null,
        1,
        null,
        null,
        1
      ],
      "/home/stas8828/Yandex.Disk/WEB_MASTERSKAY/Progects/NDT-Portal/NDT-Nav/config/application.rb": [
        1,
        null,
        1,
        null,
        null,
        null,
        1,
        null,
        1,
        1,
        null,
        1,
        null,
        null,
        null,
        null,
        null,
        null,
        null
      ],
      "/home/stas8828/Yandex.Disk/WEB_MASTERSKAY/Progects/NDT-Portal/NDT-Nav/config/boot.rb": [
        1,
        null,
        1,
        1
      ],
      "/home/stas8828/Yandex.Disk/WEB_MASTERSKAY/Progects/NDT-Portal/NDT-Nav/config/environments/test.rb": [
        null,
        null,
        null,
        null,
        null,
        1,
        null,
        null,
        1,
        null,
        null,
        null,
        null,
        1,
        null,
        null,
        1,
        1,
        null,
        null,
        null,
        null,
        1,
        1,
        1,
        null,
        null,
        1,
        null,
        null,
        1,
        null,
        null,
        1,
        null,
        1,
        null,
        null,
        null,
        null,
        1,
        null,
        null,
        1,
        null,
        null,
        null,
        null
      ],
      "/home/stas8828/Yandex.Disk/WEB_MASTERSKAY/Progects/NDT-Portal/NDT-Nav/config/initializers/application_controller_renderer.rb": [
        null,
        null,
        null,
        null,
        null,
        null,
        null,
        null
      ],
      "/home/stas8828/Yandex.Disk/WEB_MASTERSKAY/Progects/NDT-Portal/NDT-Nav/config/initializers/assets.rb": [
        null,
        null,
        null,
        1,
        null,
        null,
        null,
        null,
        1,
        null,
        null,
        null,
        null,
        null
      ],
      "/home/stas8828/Yandex.Disk/WEB_MASTERSKAY/Progects/NDT-Portal/NDT-Nav/config/initializers/backtrace_silencers.rb": [
        null,
        null,
        null,
        null,
        null,
        null,
        null
      ],
      "/home/stas8828/Yandex.Disk/WEB_MASTERSKAY/Progects/NDT-Portal/NDT-Nav/config/initializers/content_security_policy.rb": [
        null,
        null,
        null,
        null,
        null,
        null,
        null,
        null,
        null,
        null,
        null,
        null,
        null,
        null,
        null,
        null,
        null,
        null,
        null,
        null,
        null,
        null,
        null,
        null,
        null,
        null,
        null,
        null,
        null,
        null
      ],
      "/home/stas8828/Yandex.Disk/WEB_MASTERSKAY/Progects/NDT-Portal/NDT-Nav/config/initializers/cookies_serializer.rb": [
        null,
        null,
        null,
        null,
        1
      ],
      "/home/stas8828/Yandex.Disk/WEB_MASTERSKAY/Progects/NDT-Portal/NDT-Nav/config/initializers/devise.rb": [
        null,
        null,
        null,
        null,
        1,
        null,
        null,
        null,
        null,
        null,
        null,
        null,
        null,
        null,
        null,
        null,
        null,
        null,
        null,
        null,
        1,
        null,
        null,
        null,
        null,
        null,
        null,
        null,
        null,
        null,
        null,
        null,
        1,
        null,
        null,
        null,
        null,
        null,
        null,
        null,
        null,
        null,
        null,
        null,
        null,
        null,
        null,
        null,
        null,
        null,
        null,
        null,
        null,
        null,
        1,
        null,
        null,
        null,
        null,
        1,
        null,
        null,
        null,
        null,
        null,
        null,
        null,
        null,
        null,
        null,
        null,
        null,
        null,
        null,
        null,
        null,
        null,
        null,
        null,
        null,
        null,
        null,
        null,
        null,
        null,
        null,
        null,
        null,
        null,
        null,
        1,
        null,
        null,
        null,
        null,
        null,
        null,
        null,
        null,
        null,
        null,
        null,
        null,
        null,
        null,
        null,
        null,
        null,
        null,
        null,
        null,
        null,
        null,
        1,
        null,
        null,
        null,
        null,
        null,
        null,
        null,
        null,
        null,
        null,
        null,
        null,
        null,
        null,
        null,
        null,
        null,
        null,
        null,
        null,
        null,
        null,
        null,
        null,
        null,
        null,
        null,
        null,
        null,
        null,
        null,
        null,
        null,
        1,
        null,
        null,
        null,
        null,
        null,
        null,
        null,
        null,
        null,
        1,
        null,
        null,
        null,
        null,
        null,
        null,
        null,
        null,
        null,
        null,
        1,
        null,
        null,
        null,
        null,
        1,
        null,
        null,
        null,
        null,
        null,
        null,
        null,
        null,
        null,
        null,
        null,
        null,
        null,
        null,
        null,
        null,
        null,
        null,
        null,
        null,
        null,
        null,
        null,
        null,
        null,
        null,
        null,
        null,
        null,
        null,
        null,
        null,
        null,
        null,
        null,
        null,
        null,
        null,
        null,
        null,
        1,
        null,
        null,
        null,
        null,
        null,
        null,
        null,
        null,
        null,
        null,
        null,
        null,
        null,
        null,
        null,
        null,
        null,
        null,
        null,
        null,
        null,
        null,
        null,
        null,
        null,
        null,
        null,
        null,
        null,
        null,
        null,
        null,
        null,
        null,
        null,
        null,
        null,
        null,
        null,
        null,
        null,
        1,
        null,
        null,
        null,
        null,
        null,
        null,
        null,
        null,
        null,
        null,
        null,
        null,
        null,
        null,
        null,
        null,
        null,
        null,
        null,
        null,
        null,
        null,
        null,
        null,
        null,
        null,
        null,
        null,
        null,
        null,
        null,
        null,
        null,
        null,
        null,
        null,
        null,
        null,
        null,
        null,
        null,
        null
      ],
      "/home/stas8828/Yandex.Disk/WEB_MASTERSKAY/Progects/NDT-Portal/NDT-Nav/config/initializers/filter_parameter_logging.rb": [
        null,
        null,
        null,
        1
      ],
      "/home/stas8828/Yandex.Disk/WEB_MASTERSKAY/Progects/NDT-Portal/NDT-Nav/config/initializers/inflections.rb": [
        null,
        null,
        null,
        null,
        null,
        null,
        null,
        null,
        null,
        null,
        null,
        null,
        null,
        null,
        null,
        null
      ],
      "/home/stas8828/Yandex.Disk/WEB_MASTERSKAY/Progects/NDT-Portal/NDT-Nav/config/initializers/mime_types.rb": [
        null,
        null,
        null,
        null
      ],
      "/home/stas8828/Yandex.Disk/WEB_MASTERSKAY/Progects/NDT-Portal/NDT-Nav/config/initializers/wrap_parameters.rb": [
        null,
        null,
        null,
        null,
        null,
        null,
        1,
        1,
        null,
        null,
        null,
        null,
        null,
        null
      ],
      "/home/stas8828/Yandex.Disk/WEB_MASTERSKAY/Progects/NDT-Portal/NDT-Nav/config/routes.rb": [
        1,
        1,
        1,
        null,
        1,
        1,
        null,
        1,
        1,
        null,
        null,
        null,
        1,
        null,
        null,
        null,
        null,
        null,
        null
      ],
      "/home/stas8828/Yandex.Disk/WEB_MASTERSKAY/Progects/NDT-Portal/NDT-Nav/app/models/admin_panel.rb": [
        1,
        1,
        0,
        null,
        null
      ],
      "/home/stas8828/Yandex.Disk/WEB_MASTERSKAY/Progects/NDT-Portal/NDT-Nav/app/models/admin_panel/admin.rb": [
        1,
        1,
        null,
        null,
        null,
        null,
        1,
        null,
        null
      ],
      "/home/stas8828/Yandex.Disk/WEB_MASTERSKAY/Progects/NDT-Portal/NDT-Nav/app/models/application_record.rb": [
        1,
        1,
        null
      ],
      "/home/stas8828/Yandex.Disk/WEB_MASTERSKAY/Progects/NDT-Portal/NDT-Nav/app/helpers/admin_panel/admin_panel_helper.rb": [
        1,
        null
      ],
      "/home/stas8828/Yandex.Disk/WEB_MASTERSKAY/Progects/NDT-Portal/NDT-Nav/app/helpers/admin_panel/articles_helper.rb": [
        1,
        null
      ],
      "/home/stas8828/Yandex.Disk/WEB_MASTERSKAY/Progects/NDT-Portal/NDT-Nav/app/helpers/admin_panel/categories_helper.rb": [
        1,
        null
      ],
      "/home/stas8828/Yandex.Disk/WEB_MASTERSKAY/Progects/NDT-Portal/NDT-Nav/app/helpers/application_helper.rb": [
        1,
        null
      ],
      "/home/stas8828/Yandex.Disk/WEB_MASTERSKAY/Progects/NDT-Portal/NDT-Nav/app/controllers/admin_panel/articles_controller.rb": [
        1,
        1,
        1,
        null,
        null,
        1,
        1,
        null,
        null,
        null,
        1,
        null,
        null,
        null,
        1,
        1,
        null,
        null,
        null,
        1,
        null,
        null,
        null,
        1,
        0,
        null,
        0,
        0,
        null,
        0,
        null,
        null,
        null,
        null,
        1,
        0,
        0,
        null,
        0,
        null,
        null,
        null,
        null,
        1,
        0,
        0,
        null,
        null,
        1,
        null,
        1,
        0,
        null,
        null,
        null,
        1,
        0,
        null,
        null
      ],
      "/home/stas8828/Yandex.Disk/WEB_MASTERSKAY/Progects/NDT-Portal/NDT-Nav/app/controllers/application_controller.rb": [
        1,
        null,
        1,
        0,
        null,
        null,
        1,
        0,
        null,
        null
      ],
      "/home/stas8828/Yandex.Disk/WEB_MASTERSKAY/Progects/NDT-Portal/NDT-Nav/spec/controllers/admin_panel/categories_controller_spec.rb": [
        1,
        null,
        null,
        null,
        null,
        null,
        null,
        null,
        null,
        null,
        null,
        null,
        null,
        null,
        null,
        null,
        null,
        null,
        null,
        null,
        null,
        null,
        null,
        null,
        null,
        1,
        null,
        null,
        null,
        null,
        1,
        10,
        null,
        null,
        1,
        1,
        null,
        null,
        null,
        null,
        null,
        2,
        null,
        1,
        1,
        1,
        0,
        0,
        null,
        null,
        null,
        1,
        1,
        1,
        0,
        0,
        null,
        null,
        null,
        1,
        1,
        1,
        0,
        null,
        null,
        null,
        1,
        1,
        1,
        0,
        0,
        null,
        null,
        null,
        1,
        1,
        1,
        1,
        1,
        null,
        null,
        null,
        1,
        1,
        0,
        null,
        null,
        null,
        1,
        1,
        1,
        0,
        null,
        null,
        null,
        null,
        1,
        1,
        1,
        0,
        null,
        null,
        1,
        1,
        0,
        0,
        0,
        null,
        null,
        1,
        1,
        0,
        0,
        null,
        null,
        null,
        1,
        1,
        1,
        0,
        0,
        null,
        null,
        null,
        null,
        1,
        1,
        1,
        0,
        0,
        null,
        null,
        null,
        1,
        1,
        0,
        0,
        null,
        null,
        null,
        null
      ],
      "/home/stas8828/Yandex.Disk/WEB_MASTERSKAY/Progects/NDT-Portal/NDT-Nav/app/controllers/admin_panel/categories_controller.rb": [
        1,
        1,
        1,
        null,
        null,
        1,
        1,
        null,
        null,
        null,
        1,
        null,
        null,
        null,
        1,
        1,
        null,
        null,
        null,
        1,
        null,
        null,
        null,
        1,
        0,
        null,
        0,
        0,
        null,
        0,
        null,
        null,
        null,
        null,
        1,
        0,
        0,
        null,
        0,
        null,
        null,
        null,
        null,
        1,
        0,
        0,
        null,
        null,
        1,
        null,
        1,
        0,
        null,
        null,
        null,
        1,
        0,
        null,
        null
      ],
      "/home/stas8828/Yandex.Disk/WEB_MASTERSKAY/Progects/NDT-Portal/NDT-Nav/spec/helpers/admin_panel/articles_helper_spec.rb": [
        1,
        null,
        null,
        null,
        null,
        null,
        null,
        null,
        null,
        null,
        null,
        null,
        1,
        1,
        null
      ],
      "/home/stas8828/Yandex.Disk/WEB_MASTERSKAY/Progects/NDT-Portal/NDT-Nav/spec/helpers/admin_panel/categories_helper_spec.rb": [
        1,
        null,
        null,
        null,
        null,
        null,
        null,
        null,
        null,
        null,
        null,
        null,
        1,
        1,
        null
      ],
      "/home/stas8828/Yandex.Disk/WEB_MASTERSKAY/Progects/NDT-Portal/NDT-Nav/spec/models/admin_panel/article_spec.rb": [
        1,
        null,
        1,
        1,
        null
      ],
      "/home/stas8828/Yandex.Disk/WEB_MASTERSKAY/Progects/NDT-Portal/NDT-Nav/app/models/admin_panel/article.rb": [
        1,
        1,
        1,
        1,
        null
      ],
      "/home/stas8828/Yandex.Disk/WEB_MASTERSKAY/Progects/NDT-Portal/NDT-Nav/spec/models/admin_panel/category_spec.rb": [
        1,
        null,
        1,
        1,
        null
      ],
      "/home/stas8828/Yandex.Disk/WEB_MASTERSKAY/Progects/NDT-Portal/NDT-Nav/app/models/admin_panel/category.rb": [
        1,
        1,
        1,
        null
      ],
      "/home/stas8828/Yandex.Disk/WEB_MASTERSKAY/Progects/NDT-Portal/NDT-Nav/spec/requests/admin_panel/articles_spec.rb": [
        1,
        null,
        1,
        1,
        1,
        1,
        0,
        null,
        null,
        null
      ],
      "/home/stas8828/Yandex.Disk/WEB_MASTERSKAY/Progects/NDT-Portal/NDT-Nav/spec/requests/admin_panel/categories_spec.rb": [
        1,
        null,
        1,
        1,
        1,
        1,
        0,
        null,
        null,
        null
      ],
      "/home/stas8828/Yandex.Disk/WEB_MASTERSKAY/Progects/NDT-Portal/NDT-Nav/spec/routing/admin_panel/articles_routing_spec.rb": [
        1,
        null,
        1,
        1,
        1,
        1,
        null,
        null,
        1,
        1,
        null,
        null,
        1,
        1,
        null,
        null,
        1,
        1,
        null,
        null,
        null,
        1,
        1,
        null,
        null,
        1,
        1,
        null,
        null,
        1,
        1,
        null,
        null,
        1,
        1,
        null,
        null,
        null
      ],
      "/home/stas8828/Yandex.Disk/WEB_MASTERSKAY/Progects/NDT-Portal/NDT-Nav/spec/routing/admin_panel/categories_routing_spec.rb": [
        1,
        null,
        1,
        1,
        1,
        1,
        null,
        null,
        1,
        1,
        null,
        null,
        1,
        1,
        null,
        null,
        1,
        1,
        null,
        null,
        null,
        1,
        1,
        null,
        null,
        1,
        1,
        null,
        null,
        1,
        1,
        null,
        null,
        1,
        1,
        null,
        null,
        null
      ],
      "/home/stas8828/Yandex.Disk/WEB_MASTERSKAY/Progects/NDT-Portal/NDT-Nav/spec/views/admin_panel/articles/edit.html.slim_spec.rb": [
        1,
        null,
        1,
        1,
        1,
        null,
        null,
        null,
        null,
        null,
        null,
        null,
        null,
        null,
        null,
        1,
        0,
        null,
        0,
        null,
        0,
        null,
        0,
        null,
        0,
        null,
        0,
        null,
        0,
        null,
        0,
        null,
        0,
        null,
        null,
        null
      ],
      "/home/stas8828/Yandex.Disk/WEB_MASTERSKAY/Progects/NDT-Portal/NDT-Nav/spec/views/admin_panel/articles/index.html.slim_spec.rb": [
        1,
        null,
        1,
        1,
        1,
        null,
        null,
        null,
        null,
        null,
        null,
        null,
        null,
        null,
        null,
        null,
        null,
        null,
        null,
        null,
        null,
        null,
        null,
        null,
        null,
        null,
        1,
        0,
        0,
        0,
        0,
        0,
        0,
        0,
        0,
        null,
        null
      ],
      "/home/stas8828/Yandex.Disk/WEB_MASTERSKAY/Progects/NDT-Portal/NDT-Nav/spec/views/admin_panel/articles/new.html.slim_spec.rb": [
        1,
        null,
        1,
        1,
        1,
        null,
        null,
        null,
        null,
        null,
        null,
        null,
        null,
        null,
        null,
        1,
        1,
        null,
        1,
        null,
        1,
        null,
        1,
        null,
        1,
        null,
        1,
        null,
        0,
        null,
        0,
        null,
        0,
        null,
        null,
        null
      ],
      "/home/stas8828/Yandex.Disk/WEB_MASTERSKAY/Progects/NDT-Portal/NDT-Nav/spec/views/admin_panel/articles/show.html.slim_spec.rb": [
        1,
        null,
        1,
        1,
        1,
        null,
        null,
        null,
        null,
        null,
        null,
        null,
        null,
        null,
        null,
        1,
        0,
        0,
        0,
        0,
        0,
        0,
        0,
        0,
        null,
        null
      ],
      "/home/stas8828/Yandex.Disk/WEB_MASTERSKAY/Progects/NDT-Portal/NDT-Nav/spec/views/admin_panel/categories/edit.html.slim_spec.rb": [
        1,
        null,
        1,
        1,
        1,
        null,
        null,
        null,
        null,
        null,
        1,
        1,
        null,
        1,
        null,
        1,
        null,
        1,
        null,
        null,
        null
      ],
      "/home/stas8828/Yandex.Disk/WEB_MASTERSKAY/Progects/NDT-Portal/NDT-Nav/spec/views/admin_panel/categories/index.html.slim_spec.rb": [
        1,
        null,
        1,
        1,
        1,
        null,
        null,
        null,
        null,
        null,
        null,
        null,
        null,
        null,
        null,
        null,
        1,
        1,
        1,
        1,
        null,
        null
      ],
      "/home/stas8828/Yandex.Disk/WEB_MASTERSKAY/Progects/NDT-Portal/NDT-Nav/spec/views/admin_panel/categories/new.html.slim_spec.rb": [
        1,
        null,
        1,
        1,
        1,
        null,
        null,
        null,
        null,
        null,
        1,
        1,
        null,
        1,
        null,
        1,
        null,
        1,
        null,
        null,
        null
      ],
      "/home/stas8828/Yandex.Disk/WEB_MASTERSKAY/Progects/NDT-Portal/NDT-Nav/spec/views/admin_panel/categories/show.html.slim_spec.rb": [
        1,
        null,
        1,
        1,
        1,
        null,
        null,
        null,
        null,
        null,
        1,
        1,
        1,
        1,
        null,
        null
      ],
      "/home/stas8828/Yandex.Disk/WEB_MASTERSKAY/Progects/NDT-Portal/NDT-Nav/app/models/admin_panel/admin_account.rb": [
        1,
        null,
        1,
        1,
        1,
        null
      ]
    },
    "timestamp": 1566912608
  }
}
